2019-05-09 17:56:01,092 - C:\Users\0923\Desktop\python鰾單\pengpai_news_git\pengpai_news_spider\spiderLib\Main.py[line:39] - ERROR: [Errno 2] No such file or directory: '../../test123.txt'
Traceback (most recent call last):
  File "C:\Users\0923\Desktop\python鰾單\pengpai_news_git\pengpai_news_spider\spiderLib\Main.py", line 19, in main
    self.do_category(item)
  File "C:\Users\0923\Desktop\python鰾單\pengpai_news_git\pengpai_news_spider\spiderLib\Base.py", line 49, in do_category
    f = open('../../test123.txt', 'r')
FileNotFoundError: [Errno 2] No such file or directory: '../../test123.txt'
2019-05-09 17:56:44,850 - C:\Users\0923\Desktop\python鰾單\pengpai_news_git\pengpai_news_spider\spiderLib\Main.py[line:39] - ERROR: [Errno 2] No such file or directory: '../../test123.txt'
Traceback (most recent call last):
  File "C:\Users\0923\Desktop\python鰾單\pengpai_news_git\pengpai_news_spider\spiderLib\Main.py", line 19, in main
    self.do_category(item)
  File "C:\Users\0923\Desktop\python鰾單\pengpai_news_git\pengpai_news_spider\spiderLib\Base.py", line 49, in do_category
    f = open('../../test123.txt', 'r')
FileNotFoundError: [Errno 2] No such file or directory: '../../test123.txt'
2019-05-09 17:58:53,810 - C:\Users\0923\Desktop\python鰾單\pengpai_news_git\pengpai_news_spider\spiderLib\Main.py[line:39] - ERROR: [Errno 2] No such file or directory: '../../test123.txt'
Traceback (most recent call last):
  File "C:\Users\0923\Desktop\python鰾單\pengpai_news_git\pengpai_news_spider\spiderLib\Main.py", line 19, in main
    self.do_category(item)
  File "C:\Users\0923\Desktop\python鰾單\pengpai_news_git\pengpai_news_spider\spiderLib\Base.py", line 49, in do_category
    f = open("../../test123.txt", 'r')
FileNotFoundError: [Errno 2] No such file or directory: '../../test123.txt'
2019-05-09 18:04:29,328 - C:\Users\0923\Desktop\python鰾單\pengpai_news_git\pengpai_news_spider\spiderLib\Main.py[line:39] - ERROR: [Errno 2] No such file or directory: '../../../test123.txt'
Traceback (most recent call last):
  File "C:\Users\0923\Desktop\python鰾單\pengpai_news_git\pengpai_news_spider\spiderLib\Main.py", line 19, in main
    self.do_category(item)
  File "C:\Users\0923\Desktop\python鰾單\pengpai_news_git\pengpai_news_spider\spiderLib\Base.py", line 49, in do_category
    f = open("../../../test123.txt", 'r')
FileNotFoundError: [Errno 2] No such file or directory: '../../../test123.txt'
